\BOOKMARK [1][-]{section*.4}{\376\377\000L\000i\000s\000t\000\040\000o\000f\000\040\000F\000i\000g\000u\000r\000e\000s}{}% 1
\BOOKMARK [1][-]{section*.5}{\376\377\000L\000i\000s\000t\000\040\000o\000f\000\040\000T\000a\000b\000l\000e\000s}{}% 2
\BOOKMARK [1][-]{section.1}{\376\377\000I\000n\000t\000r\000o\000d\000u\000c\000t\000i\000o\000n}{}% 3
\BOOKMARK [1][-]{section.2}{\376\377\000M\000e\000t\000h\000o\000d\000\040\000o\000f\000\040\000R\000e\000g\000u\000l\000a\000r\000i\000z\000e\000d\000\040\000S\000t\000o\000k\000e\000s\000l\000e\000t\000s}{}% 4
\BOOKMARK [2][-]{subsection.2.1}{\376\377\000S\000t\000o\000k\000e\000s\000\040\000f\000l\000o\000w}{section.2}% 5
\BOOKMARK [2][-]{subsection.2.2}{\376\377\000R\000e\000g\000u\000l\000a\000r\000i\000s\000i\000n\000g\000\040\000t\000h\000e\000\040\000S\000t\000o\000k\000e\000s\000l\000e\000t}{section.2}% 6
\BOOKMARK [3][-]{subsubsection.2.2.1}{\376\377\000D\000e\000r\000i\000v\000a\000t\000i\000o\000n\000\040\000o\000f\000\040\000t\000h\000e\000\040\000S\000t\000o\000k\000e\000s\000l\000e\000t}{subsection.2.2}% 7
\BOOKMARK [3][-]{subsubsection.2.2.2}{\376\377\000S\000p\000e\000c\000i\000f\000i\000c\000\040\000B\000l\000o\000b}{subsection.2.2}% 8
\BOOKMARK [1][-]{section.3}{\376\377\000N\000e\000a\000r\000e\000s\000t}{}% 9
\BOOKMARK [1][-]{section.4}{\376\377\000K\000e\000r\000n\000e\000l\000-\000I\000n\000d\000e\000p\000e\000n\000d\000e\000n\000t\000\040\000F\000a\000s\000t\000\040\000M\000u\000l\000t\000i\000p\000o\000l\000e\000\040\000M\000e\000t\000h\000o\000d}{}% 10
\BOOKMARK [2][-]{subsection.4.1}{\376\377\000H\000i\000e\000r\000a\000r\000c\000h\000i\000c\000a\000l\000\040\000d\000e\000c\000o\000m\000p\000o\000s\000i\000t\000i\000o\000n\000\040\000o\000f\000\040\000t\000h\000e\000\040\000c\000o\000m\000p\000u\000t\000a\000t\000i\000o\000n\000a\000l\000\040\000d\000o\000m\000a\000i\000n}{section.4}% 11
\BOOKMARK [2][-]{subsection.4.2}{\376\377\000E\000q\000u\000i\000v\000a\000l\000e\000n\000t\000\040\000s\000u\000r\000f\000a\000c\000e\000s\000/\000c\000o\000r\000o\000n\000a\000s}{section.4}% 12
\BOOKMARK [2][-]{subsection.4.3}{\376\377\000N\000u\000m\000e\000r\000i\000c\000a\000l\000\040\000a\000p\000p\000r\000o\000x\000i\000m\000a\000t\000i\000o\000n\000\040\000o\000f\000\040\000t\000h\000e\000\040\000f\000o\000r\000c\000e\000\040\000d\000e\000n\000s\000i\000t\000i\000e\000s}{section.4}% 13
\BOOKMARK [2][-]{subsection.4.4}{\376\377\000E\000v\000a\000l\000u\000a\000t\000i\000o\000n}{section.4}% 14
\BOOKMARK [2][-]{subsection.4.5}{\376\377\000F\000F\000T\000\040\000a\000c\000c\000e\000l\000e\000r\000a\000t\000i\000o\000n}{section.4}% 15
\BOOKMARK [2][-]{subsection.4.6}{\376\377\000C\000o\000m\000p\000a\000r\000i\000s\000o\000n\000\040\000o\000f\000\040\000K\000I\000F\000M\000M\000\040\000m\000e\000t\000h\000o\000d\000\040\000v\000s\000\040\000D\000i\000r\000e\000c\000t\000\040\000s\000o\000l\000v\000e\000r}{section.4}% 16
\BOOKMARK [1][-]{section.5}{\376\377\000P\000r\000e\000c\000o\000n\000d\000i\000t\000i\000o\000n\000i\000n\000g}{}% 17
\BOOKMARK [1][-]{section.6}{\376\377\000N\000u\000m\000e\000r\000i\000c\000a\000l\000\040\000S\000i\000m\000u\000l\000a\000t\000i\000o\000n\000s}{}% 18
\BOOKMARK [2][-]{subsection.6.1}{\376\377\000C\000i\000l\000i\000a}{section.6}% 19
\BOOKMARK [2][-]{subsection.6.2}{\376\377\000S\000p\000e\000r\000m}{section.6}% 20
\BOOKMARK [1][-]{section.7}{\376\377\000R\000e\000s\000u\000l\000t\000s}{}% 21
\BOOKMARK [1][-]{section.8}{\376\377\000D\000i\000s\000c\000u\000s\000s\000i\000o\000n}{}% 22
\BOOKMARK [1][-]{appendix.A}{\376\377\000P\000s\000e\000u\000d\000o\000c\000o\000d\000e}{}% 23
\BOOKMARK [2][-]{subsection.A.1}{\376\377\000U\000p\000w\000a\000r\000d\000s\000\040\000p\000a\000s\000s}{appendix.A}% 24
\BOOKMARK [2][-]{subsection.A.2}{\376\377\000D\000o\000w\000n\000w\000a\000r\000d\000\040\000p\000a\000s\000s}{appendix.A}% 25
\BOOKMARK [1][-]{section*.6}{\376\377\000R\000e\000f\000e\000r\000e\000n\000c\000e\000s}{}% 26
